[2022-11-22 06:12:37,872] WARN The configuration 'topic-management.preferred.leader.election.check.interval.ms' was supplied but isn't a known config. (org.apache.kafka.clients.admin.AdminClientConfig)
[2022-11-22 06:12:37,876] WARN The configuration 'topic-management.replicationFactor' was supplied but isn't a known config. (org.apache.kafka.clients.admin.AdminClientConfig)
[2022-11-22 06:12:37,876] WARN The configuration 'consume.consumer.props' was supplied but isn't a known config. (org.apache.kafka.clients.admin.AdminClientConfig)
[2022-11-22 06:12:37,876] WARN The configuration 'topic-management.rebalance.interval.ms' was supplied but isn't a known config. (org.apache.kafka.clients.admin.AdminClientConfig)
[2022-11-22 06:12:37,876] WARN The configuration 'topic-management.partitionsToBrokersRatio' was supplied but isn't a known config. (org.apache.kafka.clients.admin.AdminClientConfig)
[2022-11-22 06:12:37,876] WARN The configuration 'produce.record.delay.ms' was supplied but isn't a known config. (org.apache.kafka.clients.admin.AdminClientConfig)
[2022-11-22 06:12:37,876] WARN The configuration 'produce.producer.props' was supplied but isn't a known config. (org.apache.kafka.clients.admin.AdminClientConfig)
[2022-11-22 06:12:37,876] WARN The configuration 'zookeeper.connect' was supplied but isn't a known config. (org.apache.kafka.clients.admin.AdminClientConfig)
[2022-11-22 06:12:37,876] WARN The configuration 'topic-management.topicManagementEnabled' was supplied but isn't a known config. (org.apache.kafka.clients.admin.AdminClientConfig)
[2022-11-22 06:12:37,876] WARN The configuration 'topic-management.topicFactory.props' was supplied but isn't a known config. (org.apache.kafka.clients.admin.AdminClientConfig)
[2022-11-22 06:12:37,876] WARN The configuration 'topic' was supplied but isn't a known config. (org.apache.kafka.clients.admin.AdminClientConfig)
[2022-11-22 06:12:37,876] WARN The configuration 'consume.latency.sla.ms' was supplied but isn't a known config. (org.apache.kafka.clients.admin.AdminClientConfig)
[2022-11-22 06:12:37,876] WARN The configuration 'class.name' was supplied but isn't a known config. (org.apache.kafka.clients.admin.AdminClientConfig)
[2022-11-22 06:12:37,876] WARN The configuration 'topic-management.topic.props' was supplied but isn't a known config. (org.apache.kafka.clients.admin.AdminClientConfig)
[2022-11-22 06:12:37,876] WARN The configuration 'topic-management.topicCreationEnabled' was supplied but isn't a known config. (org.apache.kafka.clients.admin.AdminClientConfig)
[2022-11-22 06:12:37,923] WARN [AdminClient clientId=adminclient-1] Connection to node -2 (localhost/127.0.0.1:9093) could not be established. Broker may not be available. (org.apache.kafka.clients.NetworkClient)
[2022-11-22 06:12:37,969] WARN The configuration 'topic-management.preferred.leader.election.check.interval.ms' was supplied but isn't a known config. (org.apache.kafka.clients.consumer.ConsumerConfig)
[2022-11-22 06:12:37,969] WARN The configuration 'topic-management.replicationFactor' was supplied but isn't a known config. (org.apache.kafka.clients.consumer.ConsumerConfig)
[2022-11-22 06:12:37,969] WARN The configuration 'consume.consumer.props' was supplied but isn't a known config. (org.apache.kafka.clients.consumer.ConsumerConfig)
[2022-11-22 06:12:37,969] WARN The configuration 'topic-management.rebalance.interval.ms' was supplied but isn't a known config. (org.apache.kafka.clients.consumer.ConsumerConfig)
[2022-11-22 06:12:37,969] WARN The configuration 'topic-management.partitionsToBrokersRatio' was supplied but isn't a known config. (org.apache.kafka.clients.consumer.ConsumerConfig)
[2022-11-22 06:12:37,969] WARN The configuration 'produce.record.delay.ms' was supplied but isn't a known config. (org.apache.kafka.clients.consumer.ConsumerConfig)
[2022-11-22 06:12:37,969] WARN The configuration 'produce.producer.props' was supplied but isn't a known config. (org.apache.kafka.clients.consumer.ConsumerConfig)
[2022-11-22 06:12:37,969] WARN The configuration 'zookeeper.connect' was supplied but isn't a known config. (org.apache.kafka.clients.consumer.ConsumerConfig)
[2022-11-22 06:12:37,969] WARN The configuration 'topic-management.topicFactory.props' was supplied but isn't a known config. (org.apache.kafka.clients.consumer.ConsumerConfig)
[2022-11-22 06:12:37,969] WARN The configuration 'topic-management.topicManagementEnabled' was supplied but isn't a known config. (org.apache.kafka.clients.consumer.ConsumerConfig)
[2022-11-22 06:12:37,970] WARN The configuration 'topic' was supplied but isn't a known config. (org.apache.kafka.clients.consumer.ConsumerConfig)
[2022-11-22 06:12:37,970] WARN The configuration 'consume.latency.sla.ms' was supplied but isn't a known config. (org.apache.kafka.clients.consumer.ConsumerConfig)
[2022-11-22 06:12:37,970] WARN The configuration 'class.name' was supplied but isn't a known config. (org.apache.kafka.clients.consumer.ConsumerConfig)
[2022-11-22 06:12:37,970] WARN The configuration 'topic-management.topic.props' was supplied but isn't a known config. (org.apache.kafka.clients.consumer.ConsumerConfig)
[2022-11-22 06:12:37,970] WARN The configuration 'topic-management.topicCreationEnabled' was supplied but isn't a known config. (org.apache.kafka.clients.consumer.ConsumerConfig)
[2022-11-22 06:12:38,099] WARN The configuration 'topic-management.preferred.leader.election.check.interval.ms' was supplied but isn't a known config. (org.apache.kafka.clients.admin.AdminClientConfig)
[2022-11-22 06:12:38,099] WARN The configuration 'topic-management.replicationFactor' was supplied but isn't a known config. (org.apache.kafka.clients.admin.AdminClientConfig)
[2022-11-22 06:12:38,099] WARN The configuration 'consume.consumer.props' was supplied but isn't a known config. (org.apache.kafka.clients.admin.AdminClientConfig)
[2022-11-22 06:12:38,099] WARN The configuration 'topic-management.rebalance.interval.ms' was supplied but isn't a known config. (org.apache.kafka.clients.admin.AdminClientConfig)
[2022-11-22 06:12:38,099] WARN The configuration 'topic-management.partitionsToBrokersRatio' was supplied but isn't a known config. (org.apache.kafka.clients.admin.AdminClientConfig)
[2022-11-22 06:12:38,099] WARN The configuration 'produce.record.delay.ms' was supplied but isn't a known config. (org.apache.kafka.clients.admin.AdminClientConfig)
[2022-11-22 06:12:38,099] WARN The configuration 'produce.producer.props' was supplied but isn't a known config. (org.apache.kafka.clients.admin.AdminClientConfig)
[2022-11-22 06:12:38,099] WARN The configuration 'zookeeper.connect' was supplied but isn't a known config. (org.apache.kafka.clients.admin.AdminClientConfig)
[2022-11-22 06:12:38,099] WARN The configuration 'topic-management.topicManagementEnabled' was supplied but isn't a known config. (org.apache.kafka.clients.admin.AdminClientConfig)
[2022-11-22 06:12:38,099] WARN The configuration 'topic-management.topicFactory.props' was supplied but isn't a known config. (org.apache.kafka.clients.admin.AdminClientConfig)
[2022-11-22 06:12:38,099] WARN The configuration 'topic' was supplied but isn't a known config. (org.apache.kafka.clients.admin.AdminClientConfig)
[2022-11-22 06:12:38,100] WARN The configuration 'consume.latency.sla.ms' was supplied but isn't a known config. (org.apache.kafka.clients.admin.AdminClientConfig)
[2022-11-22 06:12:38,100] WARN The configuration 'class.name' was supplied but isn't a known config. (org.apache.kafka.clients.admin.AdminClientConfig)
[2022-11-22 06:12:38,100] WARN The configuration 'topic-management.topic.props' was supplied but isn't a known config. (org.apache.kafka.clients.admin.AdminClientConfig)
[2022-11-22 06:12:38,100] WARN The configuration 'topic-management.topicCreationEnabled' was supplied but isn't a known config. (org.apache.kafka.clients.admin.AdminClientConfig)
[2022-11-22 06:12:38,102] WARN [AdminClient clientId=adminclient-2] Connection to node -2 (localhost/127.0.0.1:9093) could not be established. Broker may not be available. (org.apache.kafka.clients.NetworkClient)
[2022-11-22 06:12:38,122] WARN The configuration 'topic-management.preferred.leader.election.check.interval.ms' was supplied but isn't a known config. (org.apache.kafka.clients.admin.AdminClientConfig)
[2022-11-22 06:12:38,122] WARN The configuration 'topic-management.replicationFactor' was supplied but isn't a known config. (org.apache.kafka.clients.admin.AdminClientConfig)
[2022-11-22 06:12:38,122] WARN The configuration 'consume.consumer.props' was supplied but isn't a known config. (org.apache.kafka.clients.admin.AdminClientConfig)
[2022-11-22 06:12:38,122] WARN The configuration 'topic-management.rebalance.interval.ms' was supplied but isn't a known config. (org.apache.kafka.clients.admin.AdminClientConfig)
[2022-11-22 06:12:38,122] WARN The configuration 'topic-management.partitionsToBrokersRatio' was supplied but isn't a known config. (org.apache.kafka.clients.admin.AdminClientConfig)
[2022-11-22 06:12:38,122] WARN The configuration 'produce.record.delay.ms' was supplied but isn't a known config. (org.apache.kafka.clients.admin.AdminClientConfig)
[2022-11-22 06:12:38,122] WARN The configuration 'produce.producer.props' was supplied but isn't a known config. (org.apache.kafka.clients.admin.AdminClientConfig)
[2022-11-22 06:12:38,122] WARN The configuration 'zookeeper.connect' was supplied but isn't a known config. (org.apache.kafka.clients.admin.AdminClientConfig)
[2022-11-22 06:12:38,122] WARN The configuration 'topic-management.topicManagementEnabled' was supplied but isn't a known config. (org.apache.kafka.clients.admin.AdminClientConfig)
[2022-11-22 06:12:38,122] WARN The configuration 'topic-management.topicFactory.props' was supplied but isn't a known config. (org.apache.kafka.clients.admin.AdminClientConfig)
[2022-11-22 06:12:38,122] WARN The configuration 'topic' was supplied but isn't a known config. (org.apache.kafka.clients.admin.AdminClientConfig)
[2022-11-22 06:12:38,122] WARN The configuration 'consume.latency.sla.ms' was supplied but isn't a known config. (org.apache.kafka.clients.admin.AdminClientConfig)
[2022-11-22 06:12:38,122] WARN The configuration 'class.name' was supplied but isn't a known config. (org.apache.kafka.clients.admin.AdminClientConfig)
[2022-11-22 06:12:38,122] WARN The configuration 'topic-management.topic.props' was supplied but isn't a known config. (org.apache.kafka.clients.admin.AdminClientConfig)
[2022-11-22 06:12:38,122] WARN The configuration 'topic-management.topicCreationEnabled' was supplied but isn't a known config. (org.apache.kafka.clients.admin.AdminClientConfig)
[2022-11-22 06:12:38,139] WARN [AdminClient clientId=adminclient-3] Connection to node -2 (localhost/127.0.0.1:9093) could not be established. Broker may not be available. (org.apache.kafka.clients.NetworkClient)
[2022-11-22 06:12:38,209] WARN The configuration 'topic-management.replicationFactor' was supplied but isn't a known config. (org.apache.kafka.clients.producer.ProducerConfig)
[2022-11-22 06:12:38,210] WARN The configuration 'consume.consumer.props' was supplied but isn't a known config. (org.apache.kafka.clients.producer.ProducerConfig)
[2022-11-22 06:12:38,210] WARN The configuration 'topic-management.rebalance.interval.ms' was supplied but isn't a known config. (org.apache.kafka.clients.producer.ProducerConfig)
[2022-11-22 06:12:38,210] WARN The configuration 'produce.record.delay.ms' was supplied but isn't a known config. (org.apache.kafka.clients.producer.ProducerConfig)
[2022-11-22 06:12:38,210] WARN The configuration 'produce.producer.props' was supplied but isn't a known config. (org.apache.kafka.clients.producer.ProducerConfig)
[2022-11-22 06:12:38,210] WARN The configuration 'topic-management.topicFactory.props' was supplied but isn't a known config. (org.apache.kafka.clients.producer.ProducerConfig)
[2022-11-22 06:12:38,210] WARN The configuration 'topic-management.topicManagementEnabled' was supplied but isn't a known config. (org.apache.kafka.clients.producer.ProducerConfig)
[2022-11-22 06:12:38,210] WARN The configuration 'topic-management.topic.props' was supplied but isn't a known config. (org.apache.kafka.clients.producer.ProducerConfig)
[2022-11-22 06:12:38,210] WARN The configuration 'topic-management.topicCreationEnabled' was supplied but isn't a known config. (org.apache.kafka.clients.producer.ProducerConfig)
[2022-11-22 06:12:38,210] WARN The configuration 'topic-management.preferred.leader.election.check.interval.ms' was supplied but isn't a known config. (org.apache.kafka.clients.producer.ProducerConfig)
[2022-11-22 06:12:38,210] WARN The configuration 'topic-management.partitionsToBrokersRatio' was supplied but isn't a known config. (org.apache.kafka.clients.producer.ProducerConfig)
[2022-11-22 06:12:38,210] WARN The configuration 'zookeeper.connect' was supplied but isn't a known config. (org.apache.kafka.clients.producer.ProducerConfig)
[2022-11-22 06:12:38,210] WARN The configuration 'topic' was supplied but isn't a known config. (org.apache.kafka.clients.producer.ProducerConfig)
[2022-11-22 06:12:38,210] WARN The configuration 'consume.latency.sla.ms' was supplied but isn't a known config. (org.apache.kafka.clients.producer.ProducerConfig)
[2022-11-22 06:12:38,210] WARN The configuration 'class.name' was supplied but isn't a known config. (org.apache.kafka.clients.producer.ProducerConfig)
[2022-11-22 06:12:38,255] WARN The configuration 'zookeeper.connect' was supplied but isn't a known config. (org.apache.kafka.clients.admin.AdminClientConfig)
[2022-11-22 06:12:38,255] WARN The configuration 'class.name' was supplied but isn't a known config. (org.apache.kafka.clients.admin.AdminClientConfig)
[2022-11-22 06:12:38,255] WARN The configuration 'consumer.props' was supplied but isn't a known config. (org.apache.kafka.clients.admin.AdminClientConfig)
[2022-11-22 06:12:38,273] WARN [AdminClient clientId=adminclient-4] Connection to node -2 (localhost/127.0.0.1:9093) could not be established. Broker may not be available. (org.apache.kafka.clients.NetworkClient)
[2022-11-22 06:12:38,368] WARN The configuration 'zookeeper.connect' was supplied but isn't a known config. (org.apache.kafka.clients.admin.AdminClientConfig)
[2022-11-22 06:12:38,368] WARN The configuration 'topic' was supplied but isn't a known config. (org.apache.kafka.clients.admin.AdminClientConfig)
[2022-11-22 06:12:38,368] WARN The configuration 'class.name' was supplied but isn't a known config. (org.apache.kafka.clients.admin.AdminClientConfig)
[2022-11-22 06:12:38,378] WARN The configuration 'zookeeper.connect' was supplied but isn't a known config. (org.apache.kafka.clients.admin.AdminClientConfig)
[2022-11-22 06:12:38,378] WARN The configuration 'report.kafka.topic.replication.factor' was supplied but isn't a known config. (org.apache.kafka.clients.admin.AdminClientConfig)
[2022-11-22 06:12:38,378] WARN The configuration 'report.interval.sec' was supplied but isn't a known config. (org.apache.kafka.clients.admin.AdminClientConfig)
[2022-11-22 06:12:38,378] WARN The configuration 'topic' was supplied but isn't a known config. (org.apache.kafka.clients.admin.AdminClientConfig)
[2022-11-22 06:12:38,378] WARN The configuration 'report.metrics.list' was supplied but isn't a known config. (org.apache.kafka.clients.admin.AdminClientConfig)
[2022-11-22 06:12:38,378] WARN The configuration 'class.name' was supplied but isn't a known config. (org.apache.kafka.clients.admin.AdminClientConfig)
[2022-11-22 06:12:38,385] WARN [AdminClient clientId=adminclient-5] Connection to node -2 (localhost/127.0.0.1:9093) could not be established. Broker may not be available. (org.apache.kafka.clients.NetworkClient)
